<?xml version="1.0" encoding="UTF-8"?>
<testng-results ignored="0" total="1" passed="1" failed="0" skipped="0">
  <reporter-output>
  </reporter-output>
  <suite started-at="2022-11-22T12:20:51 EST" name="Surefire suite" finished-at="2022-11-22T12:21:07 EST" duration-ms="16233">
    <groups>
    </groups>
    <test started-at="2022-11-22T12:20:51 EST" name="Surefire test" finished-at="2022-11-22T12:21:07 EST" duration-ms="16233">
      <class name="com.MyFirstMaven.Testcase2">
        <test-method is-config="true" signature="Openbrowser()[pri:0, instance:com.MyFirstMaven.Testcase2@3bd40a57]" started-at="2022-11-22T12:20:51 EST" name="Openbrowser" finished-at="2022-11-22T12:20:59 EST" duration-ms="8175" status="PASS">
          <reporter-output>
          </reporter-output>
        </test-method> <!-- Openbrowser -->
        <test-method signature="Test2()[pri:0, instance:com.MyFirstMaven.Testcase2@3bd40a57]" started-at="2022-11-22T12:20:59 EST" name="Test2" finished-at="2022-11-22T12:21:07 EST" duration-ms="7511" status="PASS">
          <reporter-output>
          </reporter-output>
        </test-method> <!-- Test2 -->
        <test-method is-config="true" signature="Closingbrowser()[pri:0, instance:com.MyFirstMaven.Testcase2@3bd40a57]" started-at="2022-11-22T12:21:07 EST" name="Closingbrowser" finished-at="2022-11-22T12:21:07 EST" duration-ms="411" status="PASS">
          <reporter-output>
          </reporter-output>
        </test-method> <!-- Closingbrowser -->
      </class> <!-- com.MyFirstMaven.Testcase2 -->
    </test> <!-- Surefire test -->
  </suite> <!-- Surefire suite -->
</testng-results>
