<?xml version="1.0" encoding="UTF-8"?>
<testng-results ignored="0" total="2" passed="2" failed="0" skipped="0">
  <reporter-output>
  </reporter-output>
  <suite started-at="2022-11-16T12:35:26 EST" name="Suite" finished-at="2022-11-16T12:36:00 EST" duration-ms="34466">
    <groups>
    </groups>
    <test started-at="2022-11-16T12:35:26 EST" name="Test" finished-at="2022-11-16T12:36:00 EST" duration-ms="34466">
      <class name="com.MyFirstMaven.TesngExample">
        <test-method signature="test1()[pri:0, instance:com.MyFirstMaven.TesngExample@6adbc9d]" started-at="2022-11-16T12:35:26 EST" name="test1" finished-at="2022-11-16T12:36:00 EST" duration-ms="34363" status="PASS">
          <reporter-output>
          </reporter-output>
        </test-method> <!-- test1 -->
      </class> <!-- com.MyFirstMaven.TesngExample -->
      <class name="com.MyFirstMaven.Testcase2">
        <test-method is-config="true" signature="Openbrowser()[pri:0, instance:com.MyFirstMaven.Testcase2@10e31a9a]" started-at="2022-11-16T12:35:26 EST" name="Openbrowser" finished-at="2022-11-16T12:35:33 EST" duration-ms="6815" status="PASS">
          <reporter-output>
          </reporter-output>
        </test-method> <!-- Openbrowser -->
        <test-method signature="Test2()[pri:0, instance:com.MyFirstMaven.Testcase2@10e31a9a]" started-at="2022-11-16T12:35:33 EST" name="Test2" finished-at="2022-11-16T12:35:41 EST" duration-ms="8598" status="PASS">
          <reporter-output>
          </reporter-output>
        </test-method> <!-- Test2 -->
        <test-method is-config="true" signature="Closingbrowser()[pri:0, instance:com.MyFirstMaven.Testcase2@10e31a9a]" started-at="2022-11-16T12:35:41 EST" name="Closingbrowser" finished-at="2022-11-16T12:35:42 EST" duration-ms="634" status="PASS">
          <reporter-output>
          </reporter-output>
        </test-method> <!-- Closingbrowser -->
      </class> <!-- com.MyFirstMaven.Testcase2 -->
    </test> <!-- Test -->
  </suite> <!-- Suite -->
</testng-results>
